[debug] [2025-07-05T18:35:03.867Z] ----------------------------------------------------------------------
[debug] [2025-07-05T18:35:03.879Z] Command:       C:\Program Files\nodejs\node.exe C:\Users\Sumit\AppData\Roaming\npm\node_modules\firebase-tools\lib\bin\firebase.js init
[debug] [2025-07-05T18:35:03.881Z] CLI Version:   14.9.0
[debug] [2025-07-05T18:35:03.881Z] Platform:      win32
[debug] [2025-07-05T18:35:03.882Z] Node Version:  v22.16.0
[debug] [2025-07-05T18:35:03.883Z] Time:          Sun Jul 06 2025 00:05:03 GMT+0530 (India Standard Time)
[debug] [2025-07-05T18:35:03.884Z] ----------------------------------------------------------------------
[debug] 
[debug] [2025-07-05T18:35:04.390Z] > command requires scopes: ["email","openid","https://www.googleapis.com/auth/cloudplatformprojects.readonly","https://www.googleapis.com/auth/firebase","https://www.googleapis.com/auth/cloud-platform"]
[debug] [2025-07-05T18:35:04.390Z] > authorizing via signed-in user (sumitrg0007@gmail.com)
[info] 
     ######## #### ########  ######## ########     ###     ######  ########
     ##        ##  ##     ## ##       ##     ##  ##   ##  ##       ##
     ######    ##  ########  ######   ########  #########  ######  ######
     ##        ##  ##    ##  ##       ##     ## ##     ##       ## ##
     ##       #### ##     ## ######## ########  ##     ##  ######  ########

You're about to initialize a Firebase project in this directory:

  C:\Users\Sumit

Before we get started, keep in mind:

  * You are initializing within an existing Firebase project directory

